<?xml version="1.0" encoding="UTF-8"?>
<testsuite name="jobSearchTest"
           tests="3"
           failures="0"
           errors="0"
           skipped="0"
           time="12.289">
  <properties />
  
  
            <testcase name="anAustralianComingToUKForTourism" time="5.888" classname="gov.uk.check.visa.testsuite.VisaConfirmationTest" />
                <testcase name="aColumbianNationalComingToTheUKToJoinAPartnerForALongStayTheyDoHaveAnArticle10Or20Card" time="2.045" classname="gov.uk.check.visa.testsuite.VisaConfirmationTest" />
                <testcase name="aChileanComingToTheUKForWorkAndPlansOnStayingForLongerThanSixMonths" time="4.356" classname="gov.uk.check.visa.testsuite.VisaConfirmationTest" />
      
</testsuite>
